#
# There is insufficient memory for the Java Runtime Environment to continue.
# Native memory allocation (malloc) failed to allocate 257425408 bytes for committing reserved memory.
# Possible reasons:
#   The system is out of physical RAM or swap space
#   In 32 bit mode, the process size limit was hit
# Possible solutions:
#   Reduce memory load on the system
#   Increase physical memory or swap space
#   Check if swap backing store is full
#   Use 64 bit Java on a 64 bit OS
#   Decrease Java heap size (-Xmx/-Xms)
#   Decrease number of Java threads
#   Decrease Java thread stack sizes (-Xss)
#   Set larger code cache with -XX:ReservedCodeCacheSize=
# This output file may be truncated or incomplete.
#
#  Out of Memory Error (os_linux.cpp:2756), pid=30667, tid=139905450235648
#
# JRE version: Java(TM) SE Runtime Environment (7.0_75-b13) (build 1.7.0_75-b13)
# Java VM: Java HotSpot(TM) 64-Bit Server VM (24.75-b04 mixed mode linux-amd64 compressed oops)
# Failed to write core dump. Core dumps have been disabled. To enable core dumping, try "ulimit -c unlimited" before starting Java again
#

---------------  T H R E A D  ---------------

Current thread (0x00007f3e4c065000):  VMThread [stack: 0x00007f3e4699d000,0x00007f3e46a9e000] [id=30682]

Stack: [0x00007f3e4699d000,0x00007f3e46a9e000],  sp=0x00007f3e46a9c2c0,  free space=1020k
Native frames: (J=compiled Java code, j=interpreted, Vv=VM code, C=native code)
V  [libjvm.so+0x9a18da]  VMError::report_and_die()+0x2ea
V  [libjvm.so+0x4975ab]  report_vm_out_of_memory(char const*, int, unsigned long, char const*)+0x9b
V  [libjvm.so+0x81ebae]  os::Linux::commit_memory_impl(char*, unsigned long, bool)+0xfe
V  [libjvm.so+0x81f0f9]  os::pd_commit_memory(char*, unsigned long, unsigned long, bool)+0x29
V  [libjvm.so+0x818e8a]  os::commit_memory(char*, unsigned long, unsigned long, bool)+0x2a
V  [libjvm.so+0x88bfb3]  PSVirtualSpace::expand_by(unsigned long)+0x53
V  [libjvm.so+0x88d388]  PSYoungGen::resize_generation(unsigned long, unsigned long)+0xf8
V  [libjvm.so+0x88c4f2]  PSYoungGen::resize(unsigned long, unsigned long)+0x22
V  [libjvm.so+0x889943]  PSScavenge::invoke_no_policy()+0xfb3
V  [libjvm.so+0x88a0f1]  PSScavenge::invoke()+0x41
V  [libjvm.so+0x840a90]  ParallelScavengeHeap::failed_mem_allocate(unsigned long)+0x70
V  [libjvm.so+0x9a3167]  VM_ParallelGCFailedAllocation::doit()+0x97
V  [libjvm.so+0x9aa605]  VM_Operation::evaluate()+0x55
V  [libjvm.so+0x9a89ca]  VMThread::evaluate_operation(VM_Operation*)+0xba
V  [libjvm.so+0x9a8d4e]  VMThread::loop()+0x1ce
V  [libjvm.so+0x9a91c0]  VMThread::run()+0x70
V  [libjvm.so+0x820b88]  java_start(Thread*)+0x108

VM_Operation (0x00007f3e45a70690): ParallelGCFailedAllocation, mode: safepoint, requested by thread 0x00007f3e4c2bb800


---------------  P R O C E S S  ---------------

Java Threads: ( => current thread )
  0x00007f3e4c2b8000 JavaThread "Thread-0" daemon [_thread_blocked, id=30694, stack(0x00007f3e4576f000,0x00007f3e45870000)]
  0x00007f3e4c2bc000 JavaThread "Thread-2" daemon [_thread_blocked, id=30693, stack(0x00007f3e45870000,0x00007f3e45971000)]
  0x00007f3e4c2bb800 JavaThread "Thread-1" daemon [_thread_blocked, id=30692, stack(0x00007f3e45971000,0x00007f3e45a72000)]
  0x00007f3e4c2a8000 JavaThread "process reaper" daemon [_thread_in_native, id=30691, stack(0x00007f3e45a72000,0x00007f3e45aab000)]
  0x00007f3e4c093800 JavaThread "Service Thread" daemon [_thread_blocked, id=30688, stack(0x00007f3e460ce000,0x00007f3e461cf000)]
  0x00007f3e4c091800 JavaThread "C2 CompilerThread1" daemon [_thread_blocked, id=30687, stack(0x00007f3e461cf000,0x00007f3e462d0000)]
  0x00007f3e4c08e800 JavaThread "C2 CompilerThread0" daemon [_thread_blocked, id=30686, stack(0x00007f3e462d0000,0x00007f3e463d1000)]
  0x00007f3e4c08c800 JavaThread "Signal Dispatcher" daemon [_thread_blocked, id=30685, stack(0x00007f3e463d1000,0x00007f3e464d2000)]
  0x00007f3e4c06b800 JavaThread "Finalizer" daemon [_thread_blocked, id=30684, stack(0x00007f3e4679b000,0x00007f3e4689c000)]
  0x00007f3e4c069800 JavaThread "Reference Handler" daemon [_thread_blocked, id=30683, stack(0x00007f3e4689c000,0x00007f3e4699d000)]
  0x00007f3e4c00a000 JavaThread "main" [_thread_blocked, id=30679, stack(0x00007f3e52138000,0x00007f3e52239000)]

Other Threads:
=>0x00007f3e4c065000 VMThread [stack: 0x00007f3e4699d000,0x00007f3e46a9e000] [id=30682]
  0x00007f3e4c09e800 WatcherThread [stack: 0x00007f3e45fcd000,0x00007f3e460ce000] [id=30689]

VM state:at safepoint (normal execution)

VM Mutex/Monitor currently owned by a thread:  ([mutex/lock_event])
[0x00007f3e4c006150] Threads_lock - owner thread: 0x00007f3e4c065000
[0x00007f3e4c006650] Heap_lock - owner thread: 0x00007f3e4c2bb800

Heap
 PSYoungGen      total 424960K, used 64K [0x00000007d6680000, 0x00000007f0a80000, 0x0000000800000000)
  eden space 419840K, 0% used [0x00000007d6680000,0x00000007d6680000,0x00000007f0080000)
  from space 5120K, 1% used [0x00000007f0080000,0x00000007f0090000,0x00000007f0580000)
  to   space 5120K, 0% used [0x00000007f0580000,0x00000007f0580000,0x00000007f0a80000)
 ParOldGen       total 84992K, used 1934K [0x0000000783400000, 0x0000000788700000, 0x00000007d6680000)
  object space 84992K, 2% used [0x0000000783400000,0x00000007835e3808,0x0000000788700000)
 PSPermGen       total 21504K, used 7569K [0x000000077e200000, 0x000000077f700000, 0x0000000783400000)
  object space 21504K, 35% used [0x000000077e200000,0x000000077e9647f0,0x000000077f700000)

Card table byte_map: [0x00007f3e47f6f000,0x00007f3e4837f000] byte_map_base: 0x00007f3e4437e000

Polling page: 0x00007f3e52248000

Code Cache  [0x00007f3e4837f000, 0x00007f3e485ef000, 0x00007f3e4b37f000)
 total_blobs=419 nmethods=180 adapters=193 free_code_cache=48338Kb largest_free_block=49463168

Compilation events (10 events):
Event: 89.610 Thread 0x00007f3e4c091800 nmethod 176 0x00007f3e4844a910 code [0x00007f3e4844aa80, 0x00007f3e4844af98]
Event: 89.661 Thread 0x00007f3e4c08e800 nmethod 172 0x00007f3e4844ddd0 code [0x00007f3e4844dfc0, 0x00007f3e4844f4a0]
Event: 92.798 Thread 0x00007f3e4c091800  177 % !         org.apache.tools.ant.taskdefs.StreamPumper::run @ 36 (323 bytes)
Event: 93.241 Thread 0x00007f3e4c091800 nmethod 177% 0x00007f3e4844b910 code [0x00007f3e4844bba0, 0x00007f3e4844d358]
Event: 108.355 Thread 0x00007f3e4c08e800  178             sun.misc.IoTrace::fileWriteBegin (2 bytes)
Event: 108.356 Thread 0x00007f3e4c08e800 nmethod 178 0x00007f3e48418390 code [0x00007f3e484184c0, 0x00007f3e484184f8]
Event: 108.362 Thread 0x00007f3e4c08e800  179             sun.misc.IoTrace::fileWriteEnd (1 bytes)
Event: 108.363 Thread 0x00007f3e4c08e800 nmethod 179 0x00007f3e4841bf50 code [0x00007f3e4841c080, 0x00007f3e4841c0b8]
Event: 119.656 Thread 0x00007f3e4c08e800  180   !         java.io.FileOutputStream::write (51 bytes)
Event: 119.680 Thread 0x00007f3e4c08e800 nmethod 180 0x00007f3e4843c190 code [0x00007f3e4843c2e0, 0x00007f3e4843c368]

GC Heap History (10 events):
Event: 90.017 GC heap after
Heap after GC invocations=6 (full 0):
 PSYoungGen      total 136192K, used 1888K [0x00000007d6680000, 0x00000007df080000, 0x0000000800000000)
  eden space 131072K, 0% used [0x00000007d6680000,0x00000007d6680000,0x00000007de680000)
  from space 5120K, 36% used [0x00000007deb80000,0x00000007ded58020,0x00000007df080000)
  to   space 5120K, 0% used [0x00000007de680000,0x00000007de680000,0x00000007deb80000)
 ParOldGen       total 84992K, used 88K [0x0000000783400000, 0x0000000788700000, 0x00000007d6680000)
  object space 84992K, 0% used [0x0000000783400000,0x0000000783416010,0x0000000788700000)
 PSPermGen       total 21504K, used 7569K [0x000000077e200000, 0x000000077f700000, 0x0000000783400000)
  object space 21504K, 35% used [0x000000077e200000,0x000000077e9647f0,0x000000077f700000)
}
Event: 94.197 GC heap before
{Heap before GC invocations=7 (full 0):
 PSYoungGen      total 136192K, used 132960K [0x00000007d6680000, 0x00000007df080000, 0x0000000800000000)
  eden space 131072K, 100% used [0x00000007d6680000,0x00000007de680000,0x00000007de680000)
  from space 5120K, 36% used [0x00000007deb80000,0x00000007ded58020,0x00000007df080000)
  to   space 5120K, 0% used [0x00000007de680000,0x00000007de680000,0x00000007deb80000)
 ParOldGen       total 84992K, used 88K [0x0000000783400000, 0x0000000788700000, 0x00000007d6680000)
  object space 84992K, 0% used [0x0000000783400000,0x0000000783416010,0x0000000788700000)
 PSPermGen       total 21504K, used 7569K [0x000000077e200000, 0x000000077f700000, 0x0000000783400000)
  object space 21504K, 35% used [0x000000077e200000,0x000000077e9647f0,0x000000077f700000)
Event: 94.277 GC heap after
Heap after GC invocations=7 (full 0):
 PSYoungGen      total 136192K, used 64K [0x00000007d6680000, 0x00000007e7080000, 0x0000000800000000)
  eden space 131072K, 0% used [0x00000007d6680000,0x00000007d6680000,0x00000007de680000)
  from space 5120K, 1% used [0x00000007de680000,0x00000007de690000,0x00000007deb80000)
  to   space 5120K, 0% used [0x00000007e6b80000,0x00000007e6b80000,0x00000007e7080000)
 ParOldGen       total 84992K, used 1918K [0x0000000783400000, 0x0000000788700000, 0x00000007d6680000)
  object space 84992K, 2% used [0x0000000783400000,0x00000007835df808,0x0000000788700000)
 PSPermGen       total 21504K, used 7569K [0x000000077e200000, 0x000000077f700000, 0x0000000783400000)
  object space 21504K, 35% used [0x000000077e200000,0x000000077e9647f0,0x000000077f700000)
}
Event: 95.321 GC heap before
{Heap before GC invocations=8 (full 0):
 PSYoungGen      total 136192K, used 131136K [0x00000007d6680000, 0x00000007e7080000, 0x0000000800000000)
  eden space 131072K, 100% used [0x00000007d6680000,0x00000007de680000,0x00000007de680000)
  from space 5120K, 1% used [0x00000007de680000,0x00000007de690000,0x00000007deb80000)
  to   space 5120K, 0% used [0x00000007e6b80000,0x00000007e6b80000,0x00000007e7080000)
 ParOldGen       total 84992K, used 1918K [0x0000000783400000, 0x0000000788700000, 0x00000007d6680000)
  object space 84992K, 2% used [0x0000000783400000,0x00000007835df808,0x0000000788700000)
 PSPermGen       total 21504K, used 7569K [0x000000077e200000, 0x000000077f700000, 0x0000000783400000)
  object space 21504K, 35% used [0x000000077e200000,0x000000077e9647f0,0x000000077f700000)
Event: 95.327 GC heap after
Heap after GC invocations=8 (full 0):
 PSYoungGen      total 267264K, used 32K [0x00000007d6680000, 0x00000007e7080000, 0x0000000800000000)
  eden space 262144K, 0% used [0x00000007d6680000,0x00000007d6680000,0x00000007e6680000)
  from space 5120K, 0% used [0x00000007e6b80000,0x00000007e6b88000,0x00000007e7080000)
  to   space 5120K, 0% used [0x00000007e6680000,0x00000007e6680000,0x00000007e6b80000)
 ParOldGen       total 84992K, used 1926K [0x0000000783400000, 0x0000000788700000, 0x00000007d6680000)
  object space 84992K, 2% used [0x0000000783400000,0x00000007835e1808,0x0000000788700000)
 PSPermGen       total 21504K, used 7569K [0x000000077e200000, 0x000000077f700000, 0x0000000783400000)
  object space 21504K, 35% used [0x000000077e200000,0x000000077e9647f0,0x000000077f700000)
}
Event: 101.916 GC heap before
{Heap before GC invocations=9 (full 0):
 PSYoungGen      total 267264K, used 262176K [0x00000007d6680000, 0x00000007e7080000, 0x0000000800000000)
  eden space 262144K, 100% used [0x00000007d6680000,0x00000007e6680000,0x00000007e6680000)
  from space 5120K, 0% used [0x00000007e6b80000,0x00000007e6b88000,0x00000007e7080000)
  to   space 5120K, 0% used [0x00000007e6680000,0x00000007e6680000,0x00000007e6b80000)
 ParOldGen       total 84992K, used 1926K [0x0000000783400000, 0x0000000788700000, 0x00000007d6680000)
  object space 84992K, 2% used [0x0000000783400000,0x00000007835e1808,0x0000000788700000)
 PSPermGen       total 21504K, used 7569K [0x000000077e200000, 0x000000077f700000, 0x0000000783400000)
  object space 21504K, 35% used [0x000000077e200000,0x000000077e9647f0,0x000000077f700000)
Event: 101.925 GC heap after
Heap after GC invocations=9 (full 0):
 PSYoungGen      total 267264K, used 32K [0x00000007d6680000, 0x00000007f0a80000, 0x0000000800000000)
  eden space 262144K, 0% used [0x00000007d6680000,0x00000007d6680000,0x00000007e6680000)
  from space 5120K, 0% used [0x00000007e6680000,0x00000007e6688000,0x00000007e6b80000)
  to   space 5120K, 0% used [0x00000007f0580000,0x00000007f0580000,0x00000007f0a80000)
 ParOldGen       total 84992K, used 1934K [0x0000000783400000, 0x0000000788700000, 0x00000007d6680000)
  object space 84992K, 2% used [0x0000000783400000,0x00000007835e3808,0x0000000788700000)
 PSPermGen       total 21504K, used 7569K [0x000000077e200000, 0x000000077f700000, 0x0000000783400000)
  object space 21504K, 35% used [0x000000077e200000,0x000000077e9647f0,0x000000077f700000)
}
Event: 108.460 GC heap before
{Heap before GC invocations=10 (full 0):
 PSYoungGen      total 267264K, used 262176K [0x00000007d6680000, 0x00000007f0a80000, 0x0000000800000000)
  eden space 262144K, 100% used [0x00000007d6680000,0x00000007e6680000,0x00000007e6680000)
  from space 5120K, 0% used [0x00000007e6680000,0x00000007e6688000,0x00000007e6b80000)
  to   space 5120K, 0% used [0x00000007f0580000,0x00000007f0580000,0x00000007f0a80000)
 ParOldGen       total 84992K, used 1934K [0x0000000783400000, 0x0000000788700000, 0x00000007d6680000)
  object space 84992K, 2% used [0x0000000783400000,0x00000007835e3808,0x0000000788700000)
 PSPermGen       total 21504K, used 7569K [0x000000077e200000, 0x000000077f700000, 0x0000000783400000)
  object space 21504K, 35% used [0x000000077e200000,0x000000077e9647f0,0x000000077f700000)
Event: 108.471 GC heap after
Heap after GC invocations=10 (full 0):
 PSYoungGen      total 424960K, used 32K [0x00000007d6680000, 0x00000007f0a80000, 0x0000000800000000)
  eden space 419840K, 0% used [0x00000007d6680000,0x00000007d6680000,0x00000007f0080000)
  from space 5120K, 0% used [0x00000007f0580000,0x00000007f0588000,0x00000007f0a80000)
  to   space 5120K, 0% used [0x00000007f0080000,0x00000007f0080000,0x00000007f0580000)
 ParOldGen       total 84992K, used 1934K [0x0000000783400000, 0x0000000788700000, 0x00000007d6680000)
  object space 84992K, 2% used [0x0000000783400000,0x00000007835e3808,0x0000000788700000)
 PSPermGen       total 21504K, used 7569K [0x000000077e200000, 0x000000077f700000, 0x0000000783400000)
  object space 21504K, 35% used [0x000000077e200000,0x000000077e9647f0,0x000000077f700000)
}
Event: 129.254 GC heap before
{Heap before GC invocations=11 (full 0):
 PSYoungGen      total 424960K, used 419872K [0x00000007d6680000, 0x00000007f0a80000, 0x0000000800000000)
  eden space 419840K, 100% used [0x00000007d6680000,0x00000007f0080000,0x00000007f0080000)
  from space 5120K, 0% used [0x00000007f0580000,0x00000007f0588000,0x00000007f0a80000)
  to   space 5120K, 0% used [0x00000007f0080000,0x00000007f0080000,0x00000007f0580000)
 ParOldGen       total 84992K, used 1934K [0x0000000783400000, 0x0000000788700000, 0x00000007d6680000)
  object space 84992K, 2% used [0x0000000783400000,0x00000007835e3808,0x0000000788700000)
 PSPermGen       total 21504K, used 7569K [0x000000077e200000, 0x000000077f700000, 0x0000000783400000)
  object space 21504K, 35% used [0x000000077e200000,0x000000077e9647f0,0x000000077f700000)

Deoptimization events (4 events):
Event: 2.402 Thread 0x00007f3e4c00a000 Uncommon trap: reason=class_check action=maybe_recompile pc=0x00007f3e483e57c4 method=java.util.Properties$LineReader.readLine()I @ 62
Event: 2.402 Thread 0x00007f3e4c00a000 Uncommon trap: reason=class_check action=maybe_recompile pc=0x00007f3e483e57c4 method=java.util.Properties$LineReader.readLine()I @ 62
Event: 2.402 Thread 0x00007f3e4c00a000 Uncommon trap: reason=class_check action=maybe_recompile pc=0x00007f3e483e57c4 method=java.util.Properties$LineReader.readLine()I @ 62
Event: 2.667 Thread 0x00007f3e4c00a000 Uncommon trap: reason=unreached action=reinterpret pc=0x00007f3e483f4c30 method=org.apache.tools.ant.property.ParseProperties.parsePropertyName(Ljava/lang/String;Ljava/text/ParsePosition;)Ljava/lang/String; @ 44

Internal exceptions (10 events):
Event: 3.748 Thread 0x00007f3e4c00a000 Threw 0x00000007d7908dc0 at /HUDSON/workspace/7u-2-build-linux-amd64/jdk7u75/1940/hotspot/src/share/vm/prims/jvm.cpp:1281
Event: 3.748 Thread 0x00007f3e4c00a000 Threw 0x00000007d7909340 at /HUDSON/workspace/7u-2-build-linux-amd64/jdk7u75/1940/hotspot/src/share/vm/prims/jvm.cpp:1281
Event: 3.748 Thread 0x00007f3e4c00a000 Threw 0x00000007d790db78 at /HUDSON/workspace/7u-2-build-linux-amd64/jdk7u75/1940/hotspot/src/share/vm/prims/jvm.cpp:1281
Event: 3.748 Thread 0x00007f3e4c00a000 Threw 0x00000007d790e0f8 at /HUDSON/workspace/7u-2-build-linux-amd64/jdk7u75/1940/hotspot/src/share/vm/prims/jvm.cpp:1281
Event: 3.749 Thread 0x00007f3e4c00a000 Threw 0x00000007d7912f58 at /HUDSON/workspace/7u-2-build-linux-amd64/jdk7u75/1940/hotspot/src/share/vm/prims/jvm.cpp:1281
Event: 3.749 Thread 0x00007f3e4c00a000 Threw 0x00000007d7913500 at /HUDSON/workspace/7u-2-build-linux-amd64/jdk7u75/1940/hotspot/src/share/vm/prims/jvm.cpp:1281
Event: 3.750 Thread 0x00007f3e4c00a000 Threw 0x00000007d7918550 at /HUDSON/workspace/7u-2-build-linux-amd64/jdk7u75/1940/hotspot/src/share/vm/prims/jvm.cpp:1281
Event: 3.750 Thread 0x00007f3e4c00a000 Threw 0x00000007d7918ab0 at /HUDSON/workspace/7u-2-build-linux-amd64/jdk7u75/1940/hotspot/src/share/vm/prims/jvm.cpp:1281
Event: 3.890 Thread 0x00007f3e4c00a000 Threw 0x00000007d79297b8 at /HUDSON/workspace/7u-2-build-linux-amd64/jdk7u75/1940/hotspot/src/share/vm/prims/jvm.cpp:1281
Event: 3.890 Thread 0x00007f3e4c00a000 Threw 0x00000007d7929d88 at /HUDSON/workspace/7u-2-build-linux-amd64/jdk7u75/1940/hotspot/src/share/vm/prims/jvm.cpp:1281

Events (10 events):
Event: 90.017 Executing VM operation: ParallelGCFailedAllocation done
Event: 94.196 Executing VM operation: ParallelGCFailedAllocation
Event: 94.281 Executing VM operation: ParallelGCFailedAllocation done
Event: 95.321 Executing VM operation: ParallelGCFailedAllocation
Event: 95.327 Executing VM operation: ParallelGCFailedAllocation done
Event: 101.915 Executing VM operation: ParallelGCFailedAllocation
Event: 101.926 Executing VM operation: ParallelGCFailedAllocation done
Event: 108.460 Executing VM operation: ParallelGCFailedAllocation
Event: 108.474 Executing VM operation: ParallelGCFailedAllocation done
Event: 129.251 Executing VM operation: ParallelGCFailedAllocation


Dynamic libraries:
00400000-00401000 r-xp 00000000 fc:00 1992889                            /usr/lib/jvm/jdk1.7.0_75/bin/java
00600000-00601000 rw-p 00000000 fc:00 1992889                            /usr/lib/jvm/jdk1.7.0_75/bin/java
01066000-01087000 rw-p 00000000 00:00 0                                  [heap]
77e200000-77f700000 rw-p 00000000 00:00 0 
77f700000-783400000 rw-p 00000000 00:00 0 
783400000-788700000 rw-p 00000000 00:00 0 
788700000-7d6680000 rw-p 00000000 00:00 0 
7d6680000-7f0a80000 rw-p 00000000 00:00 0 
7f3e04000000-7f3e04021000 rw-p 00000000 00:00 0 
7f3e04021000-7f3e08000000 ---p 00000000 00:00 0 
7f3e08000000-7f3e08021000 rw-p 00000000 00:00 0 
7f3e08021000-7f3e0c000000 ---p 00000000 00:00 0 
7f3e0c000000-7f3e0c021000 rw-p 00000000 00:00 0 
7f3e0c021000-7f3e10000000 ---p 00000000 00:00 0 
7f3e10000000-7f3e10021000 rw-p 00000000 00:00 0 
7f3e10021000-7f3e14000000 ---p 00000000 00:00 0 
7f3e14000000-7f3e14021000 rw-p 00000000 00:00 0 
7f3e14021000-7f3e18000000 ---p 00000000 00:00 0 
7f3e18000000-7f3e18021000 rw-p 00000000 00:00 0 
7f3e18021000-7f3e1c000000 ---p 00000000 00:00 0 
7f3e1c000000-7f3e1c2f1000 rw-p 00000000 00:00 0 
7f3e1c2f1000-7f3e20000000 ---p 00000000 00:00 0 
7f3e20000000-7f3e203f6000 rw-p 00000000 00:00 0 
7f3e203f6000-7f3e24000000 ---p 00000000 00:00 0 
7f3e24000000-7f3e24021000 rw-p 00000000 00:00 0 
7f3e24021000-7f3e28000000 ---p 00000000 00:00 0 
7f3e28000000-7f3e28021000 rw-p 00000000 00:00 0 
7f3e28021000-7f3e2c000000 ---p 00000000 00:00 0 
7f3e2c000000-7f3e2c021000 rw-p 00000000 00:00 0 
7f3e2c021000-7f3e30000000 ---p 00000000 00:00 0 
7f3e33f10000-7f3e38000000 rw-p 00000000 00:00 0 
7f3e38000000-7f3e38021000 rw-p 00000000 00:00 0 
7f3e38021000-7f3e3c000000 ---p 00000000 00:00 0 
7f3e3c000000-7f3e3c021000 rw-p 00000000 00:00 0 
7f3e3c021000-7f3e40000000 ---p 00000000 00:00 0 
7f3e40000000-7f3e40021000 rw-p 00000000 00:00 0 
7f3e40021000-7f3e44000000 ---p 00000000 00:00 0 
7f3e45527000-7f3e4576f000 rw-p 00000000 00:00 0 
7f3e4576f000-7f3e45772000 ---p 00000000 00:00 0 
7f3e45772000-7f3e45870000 rw-p 00000000 00:00 0 
7f3e45870000-7f3e45873000 ---p 00000000 00:00 0 
7f3e45873000-7f3e45971000 rw-p 00000000 00:00 0 
7f3e45971000-7f3e45974000 ---p 00000000 00:00 0 
7f3e45974000-7f3e45a72000 rw-p 00000000 00:00 0 
7f3e45a72000-7f3e45a75000 ---p 00000000 00:00 0 
7f3e45a75000-7f3e45aab000 rw-p 00000000 00:00 0 
7f3e45aab000-7f3e45ab0000 r--s 00032000 fc:00 1718240                    /home/csl/ofbiz/csl/framework/base/lib/ant/ant-contrib-1.0b3.jar
7f3e45ab0000-7f3e45b0c000 r--s 00586000 fc:00 1718315                    /home/csl/ofbiz/csl/framework/base/lib/scripting/groovy-all-1.8.6.jar
7f3e45b0c000-7f3e45b12000 r--s 00067000 fc:00 1718308                    /home/csl/ofbiz/csl/framework/base/lib/scripting/antlr-2.7.6.jar
7f3e45b12000-7f3e45b28000 r-xp 00000000 fc:00 1589476                    /usr/lib/jvm/jdk1.7.0_75/jre/lib/amd64/libnet.so
7f3e45b28000-7f3e45d28000 ---p 00016000 fc:00 1589476                    /usr/lib/jvm/jdk1.7.0_75/jre/lib/amd64/libnet.so
7f3e45d28000-7f3e45d29000 rw-p 00016000 fc:00 1589476                    /usr/lib/jvm/jdk1.7.0_75/jre/lib/amd64/libnet.so
7f3e45d29000-7f3e45d39000 r-xp 00000000 fc:00 1589442                    /usr/lib/jvm/jdk1.7.0_75/jre/lib/amd64/libnio.so
7f3e45d39000-7f3e45f39000 ---p 00010000 fc:00 1589442                    /usr/lib/jvm/jdk1.7.0_75/jre/lib/amd64/libnio.so
7f3e45f39000-7f3e45f3a000 rw-p 00010000 fc:00 1589442                    /usr/lib/jvm/jdk1.7.0_75/jre/lib/amd64/libnio.so
7f3e45f3a000-7f3e45f44000 r--s 00251000 fc:00 1589509                    /usr/lib/jvm/jdk1.7.0_75/jre/lib/resources.jar
7f3e45f44000-7f3e45faf000 r--s 00e22000 fc:00 1992863                    /usr/lib/jvm/jdk1.7.0_75/lib/tools.jar
7f3e45faf000-7f3e45fcd000 r--s 001cb000 fc:00 2246418                    /usr/lib/jvm/apache-ant-1.9.2/lib/ant.jar
7f3e45fcd000-7f3e45fce000 ---p 00000000 00:00 0 
7f3e45fce000-7f3e460ce000 rw-p 00000000 00:00 0 
7f3e460ce000-7f3e460d1000 ---p 00000000 00:00 0 
7f3e460d1000-7f3e461cf000 rw-p 00000000 00:00 0 
7f3e461cf000-7f3e461d2000 ---p 00000000 00:00 0 
7f3e461d2000-7f3e462d0000 rw-p 00000000 00:00 0 
7f3e462d0000-7f3e462d3000 ---p 00000000 00:00 0 
7f3e462d3000-7f3e463d1000 rw-p 00000000 00:00 0 
7f3e463d1000-7f3e463d4000 ---p 00000000 00:00 0 
7f3e463d4000-7f3e464d2000 rw-p 00000000 00:00 0 
7f3e464d2000-7f3e4679b000 r--p 00000000 fc:00 2364016                    /usr/lib/locale/locale-archive
7f3e4679b000-7f3e4679e000 ---p 00000000 00:00 0 
7f3e4679e000-7f3e4689c000 rw-p 00000000 00:00 0 
7f3e4689c000-7f3e4689f000 ---p 00000000 00:00 0 
7f3e4689f000-7f3e4699d000 rw-p 00000000 00:00 0 
7f3e4699d000-7f3e4699e000 ---p 00000000 00:00 0 
7f3e4699e000-7f3e47434000 rw-p 00000000 00:00 0 
7f3e47434000-7f3e475f3000 r--s 039eb000 fc:00 1589546                    /usr/lib/jvm/jdk1.7.0_75/jre/lib/rt.jar
7f3e475f3000-7f3e47ad3000 rw-p 00000000 00:00 0 
7f3e47ad3000-7f3e47ad4000 ---p 00000000 00:00 0 
7f3e47ad4000-7f3e47bd4000 rw-p 00000000 00:00 0 
7f3e47bd4000-7f3e47bd5000 ---p 00000000 00:00 0 
7f3e47bd5000-7f3e47cff000 rw-p 00000000 00:00 0 
7f3e47cff000-7f3e47f6f000 rw-p 00000000 00:00 0 
7f3e47f6f000-7f3e47f7a000 rw-p 00000000 00:00 0 
7f3e47f7a000-7f3e47f98000 rw-p 00000000 00:00 0 
7f3e47f98000-7f3e47fc2000 rw-p 00000000 00:00 0 
7f3e47fc2000-7f3e48231000 rw-p 00000000 00:00 0 
7f3e48231000-7f3e48304000 rw-p 00000000 00:00 0 
7f3e48304000-7f3e4837e000 rw-p 00000000 00:00 0 
7f3e4837e000-7f3e4837f000 rw-p 00000000 00:00 0 
7f3e4837f000-7f3e485ef000 rwxp 00000000 00:00 0 
7f3e485ef000-7f3e4b37f000 rw-p 00000000 00:00 0 
7f3e4b37f000-7f3e4b399000 r-xp 00000000 fc:00 1589471                    /usr/lib/jvm/jdk1.7.0_75/jre/lib/amd64/libzip.so
7f3e4b399000-7f3e4b599000 ---p 0001a000 fc:00 1589471                    /usr/lib/jvm/jdk1.7.0_75/jre/lib/amd64/libzip.so
7f3e4b599000-7f3e4b59a000 rw-p 0001a000 fc:00 1589471                    /usr/lib/jvm/jdk1.7.0_75/jre/lib/amd64/libzip.so
7f3e4b59a000-7f3e4b5a4000 r-xp 00000000 fc:00 143349                     /lib/x86_64-linux-gnu/libnss_files-2.19.so
7f3e4b5a4000-7f3e4b7a3000 ---p 0000a000 fc:00 143349                     /lib/x86_64-linux-gnu/libnss_files-2.19.so
7f3e4b7a3000-7f3e4b7a4000 r--p 00009000 fc:00 143349                     /lib/x86_64-linux-gnu/libnss_files-2.19.so
7f3e4b7a4000-7f3e4b7a5000 rw-p 0000a000 fc:00 143349                     /lib/x86_64-linux-gnu/libnss_files-2.19.so
7f3e4b7a5000-7f3e4b7b0000 r-xp 00000000 fc:00 131355                     /lib/x86_64-linux-gnu/libnss_nis-2.19.so
7f3e4b7b0000-7f3e4b9af000 ---p 0000b000 fc:00 131355                     /lib/x86_64-linux-gnu/libnss_nis-2.19.so
7f3e4b9af000-7f3e4b9b0000 r--p 0000a000 fc:00 131355                     /lib/x86_64-linux-gnu/libnss_nis-2.19.so
7f3e4b9b0000-7f3e4b9b1000 rw-p 0000b000 fc:00 131355                     /lib/x86_64-linux-gnu/libnss_nis-2.19.so
7f3e4b9b1000-7f3e4b9c8000 r-xp 00000000 fc:00 143353                     /lib/x86_64-linux-gnu/libnsl-2.19.so
7f3e4b9c8000-7f3e4bbc7000 ---p 00017000 fc:00 143353                     /lib/x86_64-linux-gnu/libnsl-2.19.so
7f3e4bbc7000-7f3e4bbc8000 r--p 00016000 fc:00 143353                     /lib/x86_64-linux-gnu/libnsl-2.19.so
7f3e4bbc8000-7f3e4bbc9000 rw-p 00017000 fc:00 143353                     /lib/x86_64-linux-gnu/libnsl-2.19.so
7f3e4bbc9000-7f3e4bbcb000 rw-p 00000000 00:00 0 
7f3e4bbcb000-7f3e4bbd4000 r-xp 00000000 fc:00 143352                     /lib/x86_64-linux-gnu/libnss_compat-2.19.so
7f3e4bbd4000-7f3e4bdd3000 ---p 00009000 fc:00 143352                     /lib/x86_64-linux-gnu/libnss_compat-2.19.so
7f3e4bdd3000-7f3e4bdd4000 r--p 00008000 fc:00 143352                     /lib/x86_64-linux-gnu/libnss_compat-2.19.so
7f3e4bdd4000-7f3e4bdd5000 rw-p 00009000 fc:00 143352                     /lib/x86_64-linux-gnu/libnss_compat-2.19.so
7f3e4bdd5000-7f3e4bdfe000 r-xp 00000000 fc:00 1589437                    /usr/lib/jvm/jdk1.7.0_75/jre/lib/amd64/libjava.so
7f3e4bdfe000-7f3e4bffe000 ---p 00029000 fc:00 1589437                    /usr/lib/jvm/jdk1.7.0_75/jre/lib/amd64/libjava.so
7f3e4bffe000-7f3e4c000000 rw-p 00029000 fc:00 1589437                    /usr/lib/jvm/jdk1.7.0_75/jre/lib/amd64/libjava.so
7f3e4c000000-7f3e4c2cd000 rw-p 00000000 00:00 0 
7f3e4c2cd000-7f3e50000000 ---p 00000000 00:00 0 
7f3e50003000-7f3e50004000 rw-p 00000000 00:00 0 
7f3e50004000-7f3e50005000 r--s 0000a000 fc:00 1718309                    /home/csl/ofbiz/csl/framework/base/lib/scripting/asm-3.2.jar
7f3e50005000-7f3e50007000 r--s 00006000 fc:00 1718250                    /home/csl/ofbiz/csl/framework/base/lib/commons/commons-cli-1.0.jar
7f3e50007000-7f3e50009000 r--s 00004000 fc:00 2245918                    /usr/lib/jvm/apache-ant-1.9.2/lib/ant-testutil.jar
7f3e50009000-7f3e5000a000 r--s 00002000 fc:00 2245900                    /usr/lib/jvm/apache-ant-1.9.2/lib/ant-antlr.jar
7f3e5000a000-7f3e5000c000 r--s 00002000 fc:00 2246449                    /usr/lib/jvm/apache-ant-1.9.2/lib/ant-swing.jar
7f3e5000c000-7f3e5000d000 r--s 00003000 fc:00 2246324                    /usr/lib/jvm/apache-ant-1.9.2/lib/ant-jdepend.jar
7f3e5000d000-7f3e5000e000 r--s 00002000 fc:00 2246105                    /usr/lib/jvm/apache-ant-1.9.2/lib/ant-apache-regexp.jar
7f3e5000e000-7f3e5000f000 r--s 00002000 fc:00 2246243                    /usr/lib/jvm/apache-ant-1.9.2/lib/ant-apache-resolver.jar
7f3e5000f000-7f3e50010000 r--s 00006000 fc:00 2246373                    /usr/lib/jvm/apache-ant-1.9.2/lib/ant-jai.jar
7f3e50010000-7f3e50012000 r--s 0000a000 fc:00 2246294                    /usr/lib/jvm/apache-ant-1.9.2/lib/ant-jsch.jar
7f3e50012000-7f3e50013000 r--s 00002000 fc:00 2246065                    /usr/lib/jvm/apache-ant-1.9.2/lib/ant-commons-logging.jar
7f3e50013000-7f3e50014000 r--s 00002000 fc:00 2246295                    /usr/lib/jvm/apache-ant-1.9.2/lib/ant-apache-oro.jar
7f3e50014000-7f3e50017000 r--s 00019000 fc:00 2246236                    /usr/lib/jvm/apache-ant-1.9.2/lib/ant-junit.jar
7f3e50017000-7f3e50018000 r--s 00003000 fc:00 2246442                    /usr/lib/jvm/apache-ant-1.9.2/lib/ant-netrexx.jar
7f3e50018000-7f3e50019000 r--s 00003000 fc:00 2246505                    /usr/lib/jvm/apache-ant-1.9.2/lib/ant-javamail.jar
7f3e50019000-7f3e5001a000 r--s 00002000 fc:00 2246237                    /usr/lib/jvm/apache-ant-1.9.2/lib/ant-jmf.jar
7f3e5001a000-7f3e5001c000 r--s 00001000 fc:00 2245919                    /usr/lib/jvm/apache-ant-1.9.2/lib/ant-apache-log4j.jar
7f3e5001c000-7f3e5001f000 r--s 00014000 fc:00 2246182                    /usr/lib/jvm/apache-ant-1.9.2/lib/ant-commons-net.jar
7f3e5001f000-7f3e50091000 rw-p 00000000 00:00 0 
7f3e50091000-7f3e5009e000 r-xp 00000000 fc:00 1589464                    /usr/lib/jvm/jdk1.7.0_75/jre/lib/amd64/libverify.so
7f3e5009e000-7f3e5029d000 ---p 0000d000 fc:00 1589464                    /usr/lib/jvm/jdk1.7.0_75/jre/lib/amd64/libverify.so
7f3e5029d000-7f3e5029f000 rw-p 0000c000 fc:00 1589464                    /usr/lib/jvm/jdk1.7.0_75/jre/lib/amd64/libverify.so
7f3e5029f000-7f3e502a6000 r-xp 00000000 fc:00 143350                     /lib/x86_64-linux-gnu/librt-2.19.so
7f3e502a6000-7f3e504a5000 ---p 00007000 fc:00 143350                     /lib/x86_64-linux-gnu/librt-2.19.so
7f3e504a5000-7f3e504a6000 r--p 00006000 fc:00 143350                     /lib/x86_64-linux-gnu/librt-2.19.so
7f3e504a6000-7f3e504a7000 rw-p 00007000 fc:00 143350                     /lib/x86_64-linux-gnu/librt-2.19.so
7f3e504a7000-7f3e505ac000 r-xp 00000000 fc:00 131336                     /lib/x86_64-linux-gnu/libm-2.19.so
7f3e505ac000-7f3e507ab000 ---p 00105000 fc:00 131336                     /lib/x86_64-linux-gnu/libm-2.19.so
7f3e507ab000-7f3e507ac000 r--p 00104000 fc:00 131336                     /lib/x86_64-linux-gnu/libm-2.19.so
7f3e507ac000-7f3e507ad000 rw-p 00105000 fc:00 131336                     /lib/x86_64-linux-gnu/libm-2.19.so
7f3e507ad000-7f3e51320000 r-xp 00000000 fc:00 1589491                    /usr/lib/jvm/jdk1.7.0_75/jre/lib/amd64/server/libjvm.so
7f3e51320000-7f3e51520000 ---p 00b73000 fc:00 1589491                    /usr/lib/jvm/jdk1.7.0_75/jre/lib/amd64/server/libjvm.so
7f3e51520000-7f3e515e4000 rw-p 00b73000 fc:00 1589491                    /usr/lib/jvm/jdk1.7.0_75/jre/lib/amd64/server/libjvm.so
7f3e515e4000-7f3e51625000 rw-p 00000000 00:00 0 
7f3e51625000-7f3e517e3000 r-xp 00000000 fc:00 143348                     /lib/x86_64-linux-gnu/libc-2.19.so
7f3e517e3000-7f3e519e3000 ---p 001be000 fc:00 143348                     /lib/x86_64-linux-gnu/libc-2.19.so
7f3e519e3000-7f3e519e7000 r--p 001be000 fc:00 143348                     /lib/x86_64-linux-gnu/libc-2.19.so
7f3e519e7000-7f3e519e9000 rw-p 001c2000 fc:00 143348                     /lib/x86_64-linux-gnu/libc-2.19.so
7f3e519e9000-7f3e519ee000 rw-p 00000000 00:00 0 
7f3e519ee000-7f3e519f1000 r-xp 00000000 fc:00 136215                     /lib/x86_64-linux-gnu/libdl-2.19.so
7f3e519f1000-7f3e51bf0000 ---p 00003000 fc:00 136215                     /lib/x86_64-linux-gnu/libdl-2.19.so
7f3e51bf0000-7f3e51bf1000 r--p 00002000 fc:00 136215                     /lib/x86_64-linux-gnu/libdl-2.19.so
7f3e51bf1000-7f3e51bf2000 rw-p 00003000 fc:00 136215                     /lib/x86_64-linux-gnu/libdl-2.19.so
7f3e51bf2000-7f3e51c08000 r-xp 00000000 fc:00 1992339                    /usr/lib/jvm/jdk1.7.0_75/lib/amd64/jli/libjli.so
7f3e51c08000-7f3e51e08000 ---p 00016000 fc:00 1992339                    /usr/lib/jvm/jdk1.7.0_75/lib/amd64/jli/libjli.so
7f3e51e08000-7f3e51e09000 rw-p 00016000 fc:00 1992339                    /usr/lib/jvm/jdk1.7.0_75/lib/amd64/jli/libjli.so
7f3e51e09000-7f3e51e22000 r-xp 00000000 fc:00 131301                     /lib/x86_64-linux-gnu/libpthread-2.19.so
7f3e51e22000-7f3e52021000 ---p 00019000 fc:00 131301                     /lib/x86_64-linux-gnu/libpthread-2.19.so
7f3e52021000-7f3e52022000 r--p 00018000 fc:00 131301                     /lib/x86_64-linux-gnu/libpthread-2.19.so
7f3e52022000-7f3e52023000 rw-p 00019000 fc:00 131301                     /lib/x86_64-linux-gnu/libpthread-2.19.so
7f3e52023000-7f3e52027000 rw-p 00000000 00:00 0 
7f3e52027000-7f3e5204a000 r-xp 00000000 fc:00 136221                     /lib/x86_64-linux-gnu/ld-2.19.so
7f3e5204a000-7f3e5204b000 r--s 00003000 fc:00 2246198                    /usr/lib/jvm/apache-ant-1.9.2/lib/ant-apache-bcel.jar
7f3e5204b000-7f3e5204d000 r--s 00002000 fc:00 2245947                    /usr/lib/jvm/apache-ant-1.9.2/lib/ant-junit4.jar
7f3e5204d000-7f3e5204e000 r--s 00002000 fc:00 2246096                    /usr/lib/jvm/apache-ant-1.9.2/lib/ant-apache-bsf.jar
7f3e5204e000-7f3e5204f000 r--s 00001000 fc:00 2246069                    /usr/lib/jvm/apache-ant-1.9.2/lib/ant-apache-xalan2.jar
7f3e5204f000-7f3e5205a000 rw-p 00000000 00:00 0 
7f3e5205a000-7f3e52078000 rw-p 00000000 00:00 0 
7f3e52078000-7f3e52082000 rw-p 00000000 00:00 0 
7f3e52082000-7f3e52138000 rw-p 00000000 00:00 0 
7f3e52138000-7f3e5213b000 ---p 00000000 00:00 0 
7f3e5213b000-7f3e5223e000 rw-p 00000000 00:00 0 
7f3e5223e000-7f3e5223f000 r--s 00004000 fc:00 2246216                    /usr/lib/jvm/apache-ant-1.9.2/lib/ant-launcher.jar
7f3e5223f000-7f3e52247000 rw-s 00000000 fc:00 2495675                    /tmp/hsperfdata_root/30667
7f3e52247000-7f3e52248000 rw-p 00000000 00:00 0 
7f3e52248000-7f3e52249000 ---p 00000000 00:00 0 
7f3e52249000-7f3e5224a000 r--p 00022000 fc:00 136221                     /lib/x86_64-linux-gnu/ld-2.19.so
7f3e5224a000-7f3e5224b000 rw-p 00023000 fc:00 136221                     /lib/x86_64-linux-gnu/ld-2.19.so
7f3e5224b000-7f3e5224c000 rw-p 00000000 00:00 0 
7ffd73c24000-7ffd73c45000 rw-p 00000000 00:00 0                          [stack]
7ffd73de4000-7ffd73de7000 r--p 00000000 00:00 0                          [vvar]
7ffd73de7000-7ffd73de9000 r-xp 00000000 00:00 0                          [vdso]
ffffffffff600000-ffffffffff601000 r-xp 00000000 00:00 0                  [vsyscall]

VM Arguments:
jvm_args: -Dant.home=/usr/lib/jvm/apache-ant-1.9.2 -Dant.library.dir=/usr/lib/jvm/apache-ant-1.9.2/lib 
java_command: org.apache.tools.ant.launch.Launcher -cp  start
Launcher Type: SUN_STANDARD

Environment Variables:
PATH=/usr/local/sbin:/usr/local/bin:/usr/sbin:/usr/bin:/sbin:/bin:/snap/bin
USERNAME=root
SHELL=/bin/bash

Signal Handlers:
SIGSEGV: [libjvm.so+0x9a21f0], sa_mask[0]=0x7ffbfeff, sa_flags=0x10000004
SIGBUS: [libjvm.so+0x9a21f0], sa_mask[0]=0x7ffbfeff, sa_flags=0x10000004
SIGFPE: [libjvm.so+0x81ba40], sa_mask[0]=0x7ffbfeff, sa_flags=0x10000004
SIGPIPE: [libjvm.so+0x81ba40], sa_mask[0]=0x7ffbfeff, sa_flags=0x10000004
SIGXFSZ: [libjvm.so+0x81ba40], sa_mask[0]=0x7ffbfeff, sa_flags=0x10000004
SIGILL: [libjvm.so+0x81ba40], sa_mask[0]=0x7ffbfeff, sa_flags=0x10000004
SIGUSR1: SIG_DFL, sa_mask[0]=0x00000000, sa_flags=0x00000000
SIGUSR2: [libjvm.so+0x81d240], sa_mask[0]=0x00000000, sa_flags=0x10000004
SIGHUP: [libjvm.so+0x81e360], sa_mask[0]=0x7ffbfeff, sa_flags=0x10000004
SIGINT: [libjvm.so+0x81e360], sa_mask[0]=0x7ffbfeff, sa_flags=0x10000004
SIGTERM: [libjvm.so+0x81e360], sa_mask[0]=0x7ffbfeff, sa_flags=0x10000004
SIGQUIT: [libjvm.so+0x81e360], sa_mask[0]=0x7ffbfeff, sa_flags=0x10000004


---------------  S Y S T E M  ---------------

OS:jessie/sid

uname:Linux 4.4.0-148-generic #174~14.04.1-Ubuntu SMP Thu May 9 08:17:37 UTC 2019 x86_64
libc:glibc 2.19 NPTL 2.19 
rlimit: STACK 8192k, CORE 0k, NPROC 31831, NOFILE 4096, AS infinity
load average:6.67 5.09 4.44

/proc/meminfo:
MemTotal:        8175192 kB
MemFree:          146012 kB
MemAvailable:      93780 kB
Buffers:           13400 kB
Cached:           115220 kB
SwapCached:         1756 kB
Active:          1725144 kB
Inactive:         843416 kB
Active(anon):    1660864 kB
Inactive(anon):   779164 kB
Active(file):      64280 kB
Inactive(file):    64252 kB
Unevictable:           0 kB
Mlocked:               0 kB
SwapTotal:       8384508 kB
SwapFree:              0 kB
Dirty:              4636 kB
Writeback:             0 kB
AnonPages:       2438308 kB
Mapped:            35712 kB
Shmem:                32 kB
Slab:              65180 kB
SReclaimable:      41072 kB
SUnreclaim:        24108 kB
KernelStack:        4240 kB
PageTables:        25208 kB
NFS_Unstable:          0 kB
Bounce:                0 kB
WritebackTmp:          0 kB
CommitLimit:    11245352 kB
Committed_AS:   11273620 kB
VmallocTotal:   34359738367 kB
VmallocUsed:           0 kB
VmallocChunk:          0 kB
HardwareCorrupted:     0 kB
AnonHugePages:         0 kB
CmaTotal:              0 kB
CmaFree:               0 kB
HugePages_Total:    1198
HugePages_Free:        0
HugePages_Rsvd:        0
HugePages_Surp:        0
Hugepagesize:       2048 kB
DirectMap4k:       71552 kB
DirectMap2M:     8316928 kB


CPU:total 2 (1 cores per cpu, 1 threads per core) family 6 model 62 stepping 4, cmov, cx8, fxsr, mmx, sse, sse2, sse3, ssse3, sse4.1, sse4.2, popcnt, avx, aes, erms, tsc, tscinvbit

/proc/cpuinfo:
processor	: 0
vendor_id	: GenuineIntel
cpu family	: 6
model		: 62
model name	: Intel(R) Xeon(R) CPU E5-2695 v2 @ 2.40GHz
stepping	: 4
microcode	: 0x42e
cpu MHz		: 2400.000
cache size	: 30720 KB
physical id	: 0
siblings	: 1
core id		: 0
cpu cores	: 1
apicid		: 0
initial apicid	: 0
fpu		: yes
fpu_exception	: yes
cpuid level	: 13
wp		: yes
flags		: fpu vme de pse tsc msr pae mce cx8 apic sep mtrr pge mca cmov pat pse36 clflush mmx fxsr sse sse2 ss syscall nx rdtscp lm constant_tsc arch_perfmon nopl xtopology tsc_reliable nonstop_tsc pni pclmulqdq ssse3 cx16 pcid sse4_1 sse4_2 x2apic popcnt tsc_deadline_timer aes xsave avx f16c rdrand hypervisor lahf_lm ssbd ibrs ibpb stibp kaiser fsgsbase tsc_adjust smep arat md_clear flush_l1d arch_capabilities
bugs		: cpu_meltdown spectre_v1 spectre_v2 spec_store_bypass l1tf mds
bogomips	: 4800.00
clflush size	: 64
cache_alignment	: 64
address sizes	: 43 bits physical, 48 bits virtual
power management:

processor	: 1
vendor_id	: GenuineIntel
cpu family	: 6
model		: 62
model name	: Intel(R) Xeon(R) CPU E5-2695 v2 @ 2.40GHz
stepping	: 4
microcode	: 0x42e
cpu MHz		: 2400.000
cache size	: 30720 KB
physical id	: 2
siblings	: 1
core id		: 0
cpu cores	: 1
apicid		: 2
initial apicid	: 2
fpu		: yes
fpu_exception	: yes
cpuid level	: 13
wp		: yes
flags		: fpu vme de pse tsc msr pae mce cx8 apic sep mtrr pge mca cmov pat pse36 clflush mmx fxsr sse sse2 ss syscall nx rdtscp lm constant_tsc arch_perfmon nopl xtopology tsc_reliable nonstop_tsc pni pclmulqdq ssse3 cx16 pcid sse4_1 sse4_2 x2apic popcnt tsc_deadline_timer aes xsave avx f16c rdrand hypervisor lahf_lm ssbd ibrs ibpb stibp kaiser fsgsbase tsc_adjust smep arat md_clear flush_l1d arch_capabilities
bugs		: cpu_meltdown spectre_v1 spectre_v2 spec_store_bypass l1tf mds
bogomips	: 4800.00
clflush size	: 64
cache_alignment	: 64
address sizes	: 43 bits physical, 48 bits virtual
power management:



Memory: 4k page, physical 8175192k(146012k free), swap 8384508k(0k free)

vm_info: Java HotSpot(TM) 64-Bit Server VM (24.75-b04) for linux-amd64 JRE (1.7.0_75-b13), built on Dec 18 2014 16:45:18 by "java_re" with gcc 4.3.0 20080428 (Red Hat 4.3.0-8)

time: Sun Feb  6 15:46:09 2022
elapsed time: 130 seconds

